{
  "RSpec": {
    "coverage": {
      "/app/spec/support/factory_bot.rb": {
        "lines": [
          null,
          null,
          1,
          1,
          null,
          17,
          122,
          null
        ]
      },
      "/app/spec/support/shoulda_machers.rb": {
        "lines": [
          null,
          null,
          1,
          1,
          1,
          1,
          null,
          null
        ]
      },
      "/app/app/mailers/invoice_mailer.rb": {
        "lines": [
          null,
          null,
          1,
          1,
          null,
          1,
          8,
          8,
          8,
          null,
          null
        ]
      },
      "/app/app/mailers/application_mailer.rb": {
        "lines": [
          null,
          null,
          1,
          1,
          1,
          null
        ]
      },
      "/app/spec/models/invoice_spec.rb": {
        "lines": [
          null,
          null,
          1,
          null,
          1,
          1,
          2,
          2,
          2,
          2,
          2,
          null,
          1,
          2,
          null,
          2,
          null,
          null,
          1,
          2,
          null,
          1,
          1,
          null,
          1,
          null,
          null,
          null,
          1,
          1,
          2,
          null,
          1,
          1,
          null,
          1,
          null,
          null,
          null,
          1,
          2,
          null,
          1,
          1,
          null,
          1,
          null,
          null,
          null,
          null,
          null
        ]
      },
      "/app/app/models/invoice.rb": {
        "lines": [
          null,
          null,
          1,
          1,
          1,
          1,
          null,
          1,
          1,
          null,
          1,
          72,
          null,
          null,
          1,
          null,
          1,
          134,
          251,
          null,
          1,
          null,
          null,
          1,
          134,
          null,
          18,
          null,
          null
        ]
      },
      "/app/app/models/application_record.rb": {
        "lines": [
          null,
          null,
          1,
          1,
          null,
          1,
          null
        ]
      },
      "/app/spec/requests/invoices_spec.rb": {
        "lines": [
          null,
          null,
          1,
          null,
          1,
          1,
          21,
          null,
          null,
          null,
          null,
          null,
          9,
          null,
          1,
          6,
          null,
          3,
          6,
          null,
          1,
          5,
          5,
          null,
          5,
          null,
          null,
          1,
          2,
          2,
          null,
          null,
          1,
          1,
          2,
          null,
          2,
          null,
          null,
          1,
          2,
          null,
          2,
          null,
          null,
          null,
          1,
          2,
          null,
          2,
          null,
          null,
          null,
          1,
          5,
          null,
          1,
          4,
          null,
          4,
          null,
          null,
          1,
          3,
          null,
          2,
          2,
          null,
          null,
          1,
          3,
          null,
          2,
          2,
          null,
          null,
          null,
          1,
          7,
          null,
          7,
          null,
          1,
          4,
          null,
          1,
          2,
          null,
          null,
          1,
          3,
          null,
          2,
          2,
          null,
          null,
          null,
          1,
          4,
          null,
          1,
          2,
          null,
          null,
          1,
          3,
          null,
          2,
          2,
          null,
          null,
          null,
          null,
          1,
          7,
          null,
          6,
          null,
          7,
          null,
          1,
          5,
          null,
          1,
          3,
          null,
          2,
          2,
          null,
          null,
          1,
          3,
          null,
          2,
          2,
          null,
          null,
          null,
          1,
          1,
          2,
          2,
          null,
          2,
          null,
          null,
          1,
          2,
          2,
          null,
          2,
          null,
          null,
          null,
          null
        ]
      },
      "/app/spec/routing/invoices_routing_spec.rb": {
        "lines": [
          null,
          null,
          1,
          null,
          1,
          1,
          1,
          1,
          null,
          null,
          1,
          1,
          null,
          null,
          1,
          1,
          null,
          null,
          1,
          1,
          null,
          null,
          null
        ]
      },
      "/app/app/controllers/invoices_controller.rb": {
        "lines": [
          null,
          null,
          1,
          1,
          5,
          null,
          5,
          null,
          null,
          1,
          4,
          null,
          4,
          2,
          null,
          2,
          null,
          null,
          null,
          1,
          6,
          null,
          6,
          3,
          null,
          3,
          null,
          null,
          null,
          1,
          6,
          null,
          6,
          null,
          2,
          1,
          null,
          1,
          null,
          null,
          null
        ]
      },
      "/app/app/controllers/application_controller.rb": {
        "lines": [
          null,
          null,
          1,
          null
        ]
      },
      "/app/spec/ucase/invoices/creation/normalize_params_spec.rb": {
        "lines": [
          null,
          null,
          1,
          null,
          1,
          1,
          7,
          null,
          1,
          3,
          null,
          2,
          2,
          null,
          null,
          1,
          1,
          3,
          null,
          2,
          2,
          null,
          null,
          1,
          3,
          null,
          2,
          2,
          null,
          null,
          null,
          null
        ]
      },
      "/app/app/ucase/invoices/creation/normalize_params.rb": {
        "lines": [
          null,
          null,
          1,
          1,
          1,
          34,
          null,
          16,
          null,
          null,
          null
        ]
      },
      "/app/app/ucase/invoices/creation/base.rb": {
        "lines": [
          null,
          null,
          1,
          1,
          1,
          null,
          null
        ]
      },
      "/app/spec/ucase/invoices/creation/persist_spec.rb": {
        "lines": [
          null,
          null,
          1,
          null,
          1,
          1,
          5,
          null,
          1,
          3,
          null,
          2,
          2,
          null,
          null,
          1,
          3,
          null,
          2,
          2,
          null,
          null,
          null
        ]
      },
      "/app/app/ucase/invoices/creation/persist.rb": {
        "lines": [
          null,
          null,
          1,
          1,
          1,
          14,
          null,
          7,
          null,
          7,
          null,
          null,
          null
        ]
      },
      "/app/spec/ucase/invoices/creation/process_spec.rb": {
        "lines": [
          null,
          null,
          1,
          null,
          1,
          1,
          5,
          null,
          1,
          1,
          2,
          null,
          null,
          null,
          null,
          2,
          2,
          null,
          null,
          1,
          1,
          2,
          null,
          null,
          null,
          null,
          2,
          2,
          null,
          null,
          null
        ]
      },
      "/app/app/ucase/invoices/creation/process.rb": {
        "lines": [
          null,
          null,
          1,
          1,
          1,
          null,
          null,
          null,
          null
        ]
      },
      "/app/app/ucase/invoices/creation/validate_params.rb": {
        "lines": [
          null,
          null,
          1,
          1,
          1,
          null,
          1,
          null,
          1,
          18,
          null,
          null,
          null,
          16,
          null,
          2,
          null,
          null,
          null
        ]
      },
      "/app/spec/ucase/invoices/creation/validate_params_spec.rb": {
        "lines": [
          null,
          null,
          1,
          null,
          1,
          1,
          9,
          null,
          1,
          6,
          null,
          null,
          null,
          null,
          1,
          3,
          null,
          2,
          2,
          null,
          null,
          1,
          3,
          null,
          2,
          2,
          null,
          null,
          1,
          3,
          3,
          null,
          2,
          2,
          null,
          null,
          1,
          1,
          2,
          null,
          null,
          null,
          null,
          2,
          2,
          null,
          null,
          null
        ]
      },
      "/app/spec/ucase/invoices/list/process_spec.rb": {
        "lines": [
          null,
          null,
          1,
          null,
          1,
          1,
          9,
          null,
          1,
          8,
          8,
          null,
          null,
          1,
          3,
          null,
          2,
          2,
          null,
          null,
          1,
          3,
          null,
          2,
          2,
          null,
          null,
          1,
          3,
          null,
          2,
          2,
          null,
          null,
          1,
          3,
          null,
          2,
          2,
          null,
          null,
          null
        ]
      },
      "/app/app/ucase/invoices/list/process.rb": {
        "lines": [
          null,
          null,
          1,
          1,
          1,
          null,
          1,
          13,
          null,
          13,
          null,
          null,
          null
        ]
      },
      "/app/spec/ucase/invoices/send_email/delivery_spec.rb": {
        "lines": [
          null,
          null,
          1,
          null,
          1,
          1,
          null,
          1,
          5,
          null,
          5,
          5,
          null,
          1,
          1,
          2,
          null,
          null,
          2,
          null,
          null,
          1,
          3,
          null,
          2,
          2,
          null,
          null,
          null
        ]
      },
      "/app/app/ucase/invoices/send_email/delivery.rb": {
        "lines": [
          null,
          null,
          1,
          1,
          1,
          10,
          14,
          null,
          null,
          8,
          null,
          2,
          null,
          null,
          null
        ]
      },
      "/app/app/ucase/invoices/send_email/base.rb": {
        "lines": [
          null,
          null,
          1,
          1,
          1,
          null,
          null
        ]
      },
      "/app/spec/ucase/invoices/send_email/find_invoice_spec.rb": {
        "lines": [
          null,
          null,
          1,
          null,
          1,
          1,
          11,
          null,
          11,
          null,
          11,
          null,
          1,
          3,
          null,
          2,
          2,
          null,
          null,
          1,
          1,
          4,
          null,
          2,
          2,
          2,
          null,
          null,
          1,
          4,
          null,
          2,
          2,
          2,
          null,
          null,
          null,
          1,
          3,
          null,
          2,
          2,
          null,
          null,
          null
        ]
      },
      "/app/app/ucase/invoices/send_email/find_invoice.rb": {
        "lines": [
          null,
          null,
          1,
          1,
          1,
          17,
          11,
          null,
          8,
          null,
          6,
          null,
          null,
          3,
          null,
          null,
          null
        ]
      },
      "/app/spec/ucase/invoices/send_email/normalize_params_spec.rb": {
        "lines": [
          null,
          null,
          1,
          null,
          1,
          1,
          7,
          null,
          1,
          3,
          null,
          2,
          2,
          null,
          null,
          1,
          1,
          3,
          null,
          2,
          2,
          null,
          null,
          1,
          3,
          null,
          2,
          2,
          null,
          null,
          null,
          null
        ]
      },
      "/app/app/ucase/invoices/send_email/normalize_params.rb": {
        "lines": [
          null,
          null,
          1,
          1,
          1,
          25,
          null,
          13,
          null,
          null,
          null
        ]
      },
      "/app/spec/ucase/invoices/send_email/process_spec.rb": {
        "lines": [
          null,
          null,
          1,
          null,
          1,
          1,
          5,
          null,
          5,
          5,
          null,
          1,
          2,
          null,
          null,
          null,
          null,
          null,
          1,
          2,
          2,
          null,
          null,
          1,
          1,
          2,
          null,
          null,
          null,
          null,
          null,
          2,
          2,
          null,
          null,
          null
        ]
      },
      "/app/app/ucase/invoices/send_email/process.rb": {
        "lines": [
          null,
          null,
          1,
          1,
          1,
          null,
          null,
          null,
          null,
          null,
          null
        ]
      },
      "/app/app/ucase/invoices/send_email/validate_params.rb": {
        "lines": [
          null,
          null,
          1,
          1,
          1,
          null,
          1,
          null,
          1,
          18,
          18,
          null,
          13,
          null,
          5,
          null,
          null,
          null
        ]
      },
      "/app/app/ucase/invoices/send_email/update_emails.rb": {
        "lines": [
          null,
          null,
          1,
          1,
          1,
          17,
          15,
          null,
          2,
          null,
          null,
          1,
          null,
          1,
          17,
          null,
          9,
          null,
          null,
          null
        ]
      },
      "/app/spec/ucase/invoices/send_email/update_emails_spec.rb": {
        "lines": [
          null,
          null,
          1,
          null,
          1,
          1,
          12,
          null,
          12,
          12,
          null,
          1,
          4,
          null,
          2,
          2,
          2,
          null,
          null,
          1,
          1,
          4,
          null,
          2,
          2,
          2,
          null,
          null,
          1,
          4,
          null,
          2,
          2,
          2,
          null,
          null,
          null,
          1,
          3,
          null,
          3,
          null,
          2,
          2,
          null,
          null,
          null
        ]
      },
      "/app/spec/ucase/invoices/send_email/validate_params_spec.rb": {
        "lines": [
          null,
          null,
          1,
          null,
          1,
          1,
          9,
          null,
          9,
          5,
          null,
          1,
          6,
          null,
          null,
          null,
          null,
          null,
          1,
          2,
          2,
          null,
          null,
          1,
          1,
          3,
          null,
          2,
          2,
          null,
          null,
          1,
          3,
          2,
          null,
          2,
          2,
          null,
          null,
          null,
          1,
          1,
          2,
          null,
          null,
          null,
          null,
          null,
          2,
          2,
          null,
          null,
          null
        ]
      },
      "/app/spec/ucase/invoices/show/process_spec.rb": {
        "lines": [
          null,
          null,
          1,
          null,
          1,
          1,
          11,
          null,
          11,
          null,
          1,
          3,
          null,
          2,
          2,
          null,
          null,
          1,
          1,
          4,
          null,
          2,
          2,
          2,
          null,
          null,
          1,
          4,
          null,
          2,
          2,
          2,
          null,
          null,
          null,
          1,
          3,
          null,
          2,
          2,
          null,
          null,
          null
        ]
      },
      "/app/app/ucase/invoices/show/process.rb": {
        "lines": [
          null,
          null,
          1,
          1,
          1,
          null,
          1,
          14,
          8,
          null,
          4,
          null,
          6,
          null,
          null,
          4,
          null,
          null,
          null
        ]
      }
    },
    "timestamp": 1674696218
  }
}
